<?xml version="1.0" encoding="UTF-8"?>
<!-- Generated by org.testng.reporters.JUnitReportReporter -->
<testsuite hostname="ELF34-Yoginarayana" failures="0" tests="1" name="com.DWS_Scripts.Reg_004" time="15.694" errors="0" timestamp="2022-06-20T10:06:17 IST" skipped="0">
  <testcase classname="com.DWS_Scripts.Reg_004" name="TC_04" time="15.694"/>
  <system-out/>
</testsuite> <!-- com.DWS_Scripts.Reg_004 -->
