<?xml version="1.0" encoding="UTF-8"?>
<!-- Generated by org.testng.reporters.JUnitReportReporter -->
<testsuite hostname="ELF34-Yoginarayana" failures="0" tests="3" name="com.DWS_Scripts.Reg_002" time="52.874" errors="0" timestamp="2022-06-19T10:50:25 IST" skipped="0">
  <testcase classname="com.DWS_Scripts.Reg_002" name="TC_02" time="40.783"/>
  <system-out/>
  <testcase classname="com.DWS_Scripts.Reg_002" name="TC_02" time="6.016"/>
  <system-out/>
  <testcase classname="com.DWS_Scripts.Reg_002" name="TC_02" time="6.075"/>
  <system-out/>
</testsuite> <!-- com.DWS_Scripts.Reg_002 -->
