<?xml version="1.0" encoding="UTF-8"?>
<!-- Generated by org.testng.reporters.JUnitReportReporter -->
<testsuite hostname="ELF34-Yoginarayana" failures="0" tests="1" name="com.DWS_Scripts.Reg_003" time="8.932" errors="0" timestamp="2022-06-20T09:53:48 IST" skipped="0">
  <testcase classname="com.DWS_Scripts.Reg_003" name="TC_03" time="8.932"/>
  <system-out/>
</testsuite> <!-- com.DWS_Scripts.Reg_003 -->
